#
# There is insufficient memory for the Java Runtime Environment to continue.
# Native memory allocation (malloc) failed to allocate 1048576 bytes for AllocateHeap
# Possible reasons:
#   The system is out of physical RAM or swap space
#   The process is running with CompressedOops enabled, and the Java Heap may be blocking the growth of the native heap
# Possible solutions:
#   Reduce memory load on the system
#   Increase physical memory or swap space
#   Check if swap backing store is full
#   Decrease Java heap size (-Xmx/-Xms)
#   Decrease number of Java threads
#   Decrease Java thread stack sizes (-Xss)
#   Set larger code cache with -XX:ReservedCodeCacheSize=
#   JVM is running with Unscaled Compressed Oops mode in which the Java heap is
#     placed in the first 4GB address space. The Java Heap base address is the
#     maximum limit for the native heap growth. Please use -XX:HeapBaseMinAddress
#     to set the Java Heap base and to place the Java Heap above 4GB virtual address.
# This output file may be truncated or incomplete.
#
#  Out of Memory Error (allocation.cpp:44), pid=4116, tid=12028
#
# JRE version:  (17.0.5+1) (build )
# Java VM: OpenJDK 64-Bit Server VM (17.0.5+1-b653.23, mixed mode, sharing, tiered, compressed oops, compressed class ptrs, g1 gc, windows-amd64)
# No core dump will be written. Minidumps are not enabled by default on client versions of Windows
#

---------------  S U M M A R Y ------------

Command Line: git4idea.http.GitAskPassApp Username for 'https://github.com': 

Host: Intel(R) Core(TM) i3-3240 CPU @ 3.40GHz, 4 cores, 7G,  Windows 10 , 64 bit Build 19041 (10.0.19041.2364)
Time: Mon Jan 16 15:14:43 2023  Windows 10 , 64 bit Build 19041 (10.0.19041.2364) elapsed time: 0.012281 seconds (0d 0h 0m 0s)

---------------  T H R E A D  ---------------

Current thread (0x000001b08c62be50):  JavaThread "Unknown thread" [_thread_in_vm, id=12028, stack(0x0000002daae00000,0x0000002daaf00000)]

Stack: [0x0000002daae00000,0x0000002daaf00000]
Native frames: (J=compiled Java code, j=interpreted, Vv=VM code, C=native code)
V  [jvm.dll+0x6830ca]
V  [jvm.dll+0x83f4c4]
V  [jvm.dll+0x840c6e]
V  [jvm.dll+0x8412d3]
V  [jvm.dll+0x2490b5]
V  [jvm.dll+0xa64cf]
V  [jvm.dll+0x2e8267]
V  [jvm.dll+0x2dff5b]
V  [jvm.dll+0x810d91]
V  [jvm.dll+0x36df31]
V  [jvm.dll+0x7f028c]
V  [jvm.dll+0x3f0cbf]
V  [jvm.dll+0x3f2801]
C  [jli.dll+0x526b]
C  [ucrtbase.dll+0x21bb2]
C  [KERNEL32.DLL+0x17614]
C  [ntdll.dll+0x526a1]


---------------  P R O C E S S  ---------------

Threads class SMR info:
_java_thread_list=0x00007ff9a1848f98, length=0, elements={
}

Java Threads: ( => current thread )

Other Threads:
  0x000001b08c686960 GCTaskThread "GC Thread#0" [stack: 0x0000002daaf00000,0x0000002dab000000] [id=8084]

[error occurred during error reporting (printing all threads), id 0xc0000005, EXCEPTION_ACCESS_VIOLATION (0xc0000005) at pc=0x00007ff9a0ffd1b0]

VM state: not at safepoint (not fully initialized)

VM Mutex/Monitor currently owned by a thread:  ([mutex/lock_event])
[0x000001b08c627080] Heap_lock - owner thread: 0x000001b08c62be50

Heap address: 0x0000000081a00000, size: 2022 MB, Compressed Oops mode: 32-bit

CDS archive(s) mapped at: [0x0000000000000000-0x0000000000000000-0x0000000000000000), size 0, SharedBaseAddress: 0x0000000800000000, ArchiveRelocationMode: 0.
Narrow klass base: 0x0000000000000000, Narrow klass shift: 0, Narrow klass range: 0x0

GC Precious Log:
<Empty>

Heap:
 garbage-first heap   total 0K, used 0K [0x0000000081a00000, 0x0000000100000000)
  region size 1024K, 0 young (0K), 0 survivors (0K)

[error occurred during error reporting (printing heap information), id 0xc0000005, EXCEPTION_ACCESS_VIOLATION (0xc0000005) at pc=0x00007ff9a13ecd59]

GC Heap History (0 events):
No events

Dll operation events (1 events):
Event: 0.008 Loaded shared library C:\Program Files\JetBrains\IntelliJ IDEA Community Edition 2022.3.1\jbr\bin\java.dll

Deoptimization events (0 events):
No events

Classes unloaded (0 events):
No events

Classes redefined (0 events):
No events

Internal exceptions (0 events):
No events

VM Operations (0 events):
No events

Events (0 events):
No events


Dynamic libraries:
0x00007ff61df00000 - 0x00007ff61df0a000 	C:\Program Files\JetBrains\IntelliJ IDEA Community Edition 2022.3.1\jbr\bin\java.exe
0x00007ffa0b2d0000 - 0x00007ffa0b4c8000 	C:\WINDOWS\SYSTEM32\ntdll.dll
0x00007ffa0a370000 - 0x00007ffa0a42f000 	C:\WINDOWS\System32\KERNEL32.DLL
0x00007ffa08e10000 - 0x00007ffa090e2000 	C:\WINDOWS\System32\KERNELBASE.dll
0x00007ffa089f0000 - 0x00007ffa08af0000 	C:\WINDOWS\System32\ucrtbase.dll
0x00007ff9e7650000 - 0x00007ff9e7667000 	C:\Program Files\JetBrains\IntelliJ IDEA Community Edition 2022.3.1\jbr\bin\jli.dll
0x00007ff9f3110000 - 0x00007ff9f312b000 	C:\Program Files\JetBrains\IntelliJ IDEA Community Edition 2022.3.1\jbr\bin\VCRUNTIME140.dll
0x00007ffa0a620000 - 0x00007ffa0a7c1000 	C:\WINDOWS\System32\USER32.dll
0x00007ffa089c0000 - 0x00007ffa089e2000 	C:\WINDOWS\System32\win32u.dll
0x00007ff9f01a0000 - 0x00007ff9f043a000 	C:\WINDOWS\WinSxS\amd64_microsoft.windows.common-controls_6595b64144ccf1df_6.0.19041.1110_none_60b5254171f9507e\COMCTL32.dll
0x00007ffa0a270000 - 0x00007ffa0a29b000 	C:\WINDOWS\System32\GDI32.dll
0x00007ffa0ac00000 - 0x00007ffa0ac9e000 	C:\WINDOWS\System32\msvcrt.dll
0x00007ffa09140000 - 0x00007ffa0924f000 	C:\WINDOWS\System32\gdi32full.dll
0x00007ffa08af0000 - 0x00007ffa08b8d000 	C:\WINDOWS\System32\msvcp_win.dll
0x00007ffa0a910000 - 0x00007ffa0a942000 	C:\WINDOWS\System32\IMM32.DLL
0x00007ffa04460000 - 0x00007ffa0446c000 	C:\Program Files\JetBrains\IntelliJ IDEA Community Edition 2022.3.1\jbr\bin\vcruntime140_1.dll
0x00007ff9dee40000 - 0x00007ff9deecd000 	C:\Program Files\JetBrains\IntelliJ IDEA Community Edition 2022.3.1\jbr\bin\msvcp140.dll
0x00007ff9a0d10000 - 0x00007ff9a197b000 	C:\Program Files\JetBrains\IntelliJ IDEA Community Edition 2022.3.1\jbr\bin\server\jvm.dll
0x00007ffa0a7e0000 - 0x00007ffa0a88e000 	C:\WINDOWS\System32\ADVAPI32.dll
0x00007ffa09310000 - 0x00007ffa093ac000 	C:\WINDOWS\System32\sechost.dll
0x00007ffa0aad0000 - 0x00007ffa0abf5000 	C:\WINDOWS\System32\RPCRT4.dll
0x00007ffa06210000 - 0x00007ffa06219000 	C:\WINDOWS\SYSTEM32\WSOCK32.dll
0x00007ffa0aa60000 - 0x00007ffa0aacb000 	C:\WINDOWS\System32\WS2_32.dll
0x00007ff9fb3f0000 - 0x00007ff9fb3fa000 	C:\WINDOWS\SYSTEM32\VERSION.dll
0x00007ff9fa890000 - 0x00007ff9fa8b7000 	C:\WINDOWS\SYSTEM32\WINMM.dll
0x00007ffa068a0000 - 0x00007ffa068b2000 	C:\WINDOWS\SYSTEM32\kernel.appcore.dll
0x00007ffa04000000 - 0x00007ffa0400a000 	C:\Program Files\JetBrains\IntelliJ IDEA Community Edition 2022.3.1\jbr\bin\jimage.dll
0x00007ff9f7ce0000 - 0x00007ff9f7ec4000 	C:\WINDOWS\SYSTEM32\DBGHELP.DLL
0x00007ff9f7c80000 - 0x00007ff9f7cb5000 	C:\WINDOWS\SYSTEM32\dbgcore.DLL
0x00007ffa09280000 - 0x00007ffa09302000 	C:\WINDOWS\System32\bcryptPrimitives.dll
0x00007ff9f0620000 - 0x00007ff9f0645000 	C:\Program Files\JetBrains\IntelliJ IDEA Community Edition 2022.3.1\jbr\bin\java.dll

dbghelp: loaded successfully - version: 4.0.5 - missing functions: none
symbol engine: initialized successfully - sym options: 0x614 - pdb path: .;C:\Program Files\JetBrains\IntelliJ IDEA Community Edition 2022.3.1\jbr\bin;C:\WINDOWS\SYSTEM32;C:\WINDOWS\WinSxS\amd64_microsoft.windows.common-controls_6595b64144ccf1df_6.0.19041.1110_none_60b5254171f9507e;C:\Program Files\JetBrains\IntelliJ IDEA Community Edition 2022.3.1\jbr\bin\server

VM Arguments:
java_command: git4idea.http.GitAskPassApp Username for 'https://github.com': 
java_class_path (initial): C:/Program Files/JetBrains/IntelliJ IDEA Community Edition 2022.3.1/plugins/vcs-git/lib/git4idea-rt.jar;C:/Program Files/JetBrains/IntelliJ IDEA Community Edition 2022.3.1/lib/externalProcess-rt.jar;C:/Program Files/JetBrains/IntelliJ IDEA Community Edition 2022.3.1/lib/app.jar;C:/Program Files/JetBrains/IntelliJ IDEA Community Edition 2022.3.1/lib/3rd-party-rt.jar
Launcher Type: SUN_STANDARD

[Global flags]
     intx CICompilerCount                          = 3                                         {product} {ergonomic}
     uint ConcGCThreads                            = 1                                         {product} {ergonomic}
     uint G1ConcRefinementThreads                  = 4                                         {product} {ergonomic}
   size_t G1HeapRegionSize                         = 1048576                                   {product} {ergonomic}
    uintx GCDrainStackTargetSize                   = 64                                        {product} {ergonomic}
   size_t InitialHeapSize                          = 134217728                                 {product} {ergonomic}
   size_t MarkStackSize                            = 4194304                                   {product} {ergonomic}
   size_t MaxHeapSize                              = 2120220672                                {product} {ergonomic}
   size_t MinHeapDeltaBytes                        = 1048576                                   {product} {ergonomic}
   size_t MinHeapSize                              = 8388608                                   {product} {ergonomic}
    uintx NonNMethodCodeHeapSize                   = 5832780                                {pd product} {ergonomic}
    uintx NonProfiledCodeHeapSize                  = 122912730                              {pd product} {ergonomic}
    uintx ProfiledCodeHeapSize                     = 122912730                              {pd product} {ergonomic}
    uintx ReservedCodeCacheSize                    = 251658240                              {pd product} {ergonomic}
     bool SegmentedCodeCache                       = true                                      {product} {ergonomic}
   size_t SoftMaxHeapSize                          = 2120220672                             {manageable} {ergonomic}
     bool UseCompressedClassPointers               = true                           {product lp64_product} {ergonomic}
     bool UseCompressedOops                        = true                           {product lp64_product} {ergonomic}
     bool UseG1GC                                  = true                                      {product} {ergonomic}
     bool UseLargePagesIndividualAllocation        = false                                  {pd product} {ergonomic}

Logging:
Log output configuration:
 #0: stdout all=warning uptime,level,tags
 #1: stderr all=off uptime,level,tags

Environment Variables:
JAVA_HOME=C:\Program Files\Java\jdk-17.0.5\bin
CLASSPATH=;C:\Program Files\Java\jdk-17.0.5\bin\lib;C:\Program Files\Java\jdk-17.0.5\bin\lib\dt.jar;C:\Program Files\Java\jdk-17.0.5\bin\lib\tools.jar
PATH=C:/Program Files/Git/mingw64/libexec/git-core;C:/Program Files/Git/mingw64/libexec/git-core;C:\Program Files\Git\mingw64\bin;C:\Program Files\Git\usr\bin;C:\Users\Xunren\bin;C:\Program Files\PlasticSCM5\server;C:\Program Files\PlasticSCM5\client;C:\ProgramData\Oracle\Java\javapath;C:\Program Files\Common Files\Oracle\Java\javapath;C:\Program Files (x86)\Common Files\Oracle\Java\javapath;C:\WINDOWS\system32;C:\WINDOWS;C:\WINDOWS\System32\Wbem;C:\WINDOWS\System32\WindowsPowerShell\v1.0\;C:\WINDOWS\System32\OpenSSH\;C:\Program Files\Bandizip\;C:\Program Files\dotnet\;C:\Program Files\GitHub CLI\;C:\Program Files\Git\cmd;C:\Users\Xunren\AppData\Local\Microsoft\WindowsApps;C:\Users\Xunren\.dotnet\tools;"C:\Program Files\Java\jdk-17.0.5\bin\bin;C:\Program Files\Java\jdk-17.0.5\bin\jre\bin;";C:\Users\Xunren\AppData\Local\Programs\Microsoft VS Code\bin
USERNAME=Xunren
DISPLAY=:0.0
LC_ALL=en_US.UTF-8
TERM=cygwin
TMPDIR=C:\Users\Xunren\AppData\Local\Temp
OS=Windows_NT
PROCESSOR_IDENTIFIER=Intel64 Family 6 Model 58 Stepping 9, GenuineIntel
TMP=C:\Users\Xunren\AppData\Local\Temp
TEMP=C:\Users\Xunren\AppData\Local\Temp



---------------  S Y S T E M  ---------------

OS:
 Windows 10 , 64 bit Build 19041 (10.0.19041.2364)
OS uptime: 0 days 1:22 hours

CPU: total 4 (initial active 4) (2 cores per cpu, 2 threads per core) family 6 model 58 stepping 9 microcode 0x21, cx8, cmov, fxsr, ht, mmx, sse, sse2, sse3, ssse3, sse4.1, sse4.2, popcnt, tsc, tscinvbit, avx, erms, clmul, vzeroupper, clflush

Memory: 4k page, system-wide physical 8086M (1091M free)
TotalPageFile size 8086M (AvailPageFile size 5M)
current process WorkingSet (physical memory assigned to process): 10M, peak: 10M
current process commit charge ("private bytes"): 49M, peak: 50M

vm_info: OpenJDK 64-Bit Server VM (17.0.5+1-b653.23) for windows-amd64 JRE (17.0.5+1-b653.23), built on 2022-12-12 by "builduser" with MS VC++ 16.10 / 16.11 (VS2019)

END.
